20:28:39 **** Incremental Build of configuration Debug for project RtspServer ****
make all 
Building file: ../Rtspserver/RTSPServer.cpp
Invoking: GCC C++ Compiler
g++ -O0 -g3 -Wall -c -fmessage-length=0 -MMD -MP -MF"Rtspserver/RTSPServer.d" -MT"Rtspserver/RTSPServer.d" -o "Rtspserver/RTSPServer.o" "../Rtspserver/RTSPServer.cpp"
../Rtspserver/RTSPServer.cpp: In member function ‘void RTSPClientConnection::handleRequestBytes(int)’:
../Rtspserver/RTSPServer.cpp:186:67: warning: cast to pointer from integer of different size [-Wint-to-pointer-cast]
    memmove(fRequestBuffer, (const void*)fRequestBuffer[requestSize], numBytesRemaining);
                                                                   ^
../Rtspserver/RTSPServer.cpp: In member function ‘virtual void RTSPClientConnection::handleCmd_DESCRIBE(const char*, const char*, const char*)’:
../Rtspserver/RTSPServer.cpp:207:8: warning: unused variable ‘sdpDescription’ [-Wunused-variable]
  char* sdpDescription = NULL;
        ^
../Rtspserver/RTSPServer.cpp:208:8: warning: unused variable ‘rtspURL’ [-Wunused-variable]
  char* rtspURL = NULL;
        ^
Finished building: ../Rtspserver/RTSPServer.cpp
 
Building target: RtspServer
Invoking: GCC C++ Linker
g++  -o "RtspServer"  ./include/Locale.o ./include/inet.o ./include/strDup.o  ./ServerMediaSession/ServerMediaSession.o  ./Rtspserver/RTSPCommon.o ./Rtspserver/RTSPServer.o   
/usr/lib64/gcc/x86_64-suse-linux/4.8/../../../../lib64/crt1.o：在函数‘_start’中：
/home/abuild/rpmbuild/BUILD/glibc-2.18/csu/../sysdeps/x86_64/start.S:118：对‘main’未定义的引用
collect2: error: ld returned 1 exit status
make: *** [RtspServer] 错误 1

20:28:40 Build Finished (took 358ms)

